0 info it worked if it ends with ok
1 verbose cli [ '/Users/itsasbreuk/.nvm/versions/node/v5.10.1/bin/node',
1 verbose cli   '/Users/itsasbreuk/.nvm/versions/node/v5.10.1/bin/npm',
1 verbose cli   'run',
1 verbose cli   'build' ]
2 info using npm@3.8.6
3 info using node@v5.10.1
4 verbose run-script [ 'prebuild', 'build', 'postbuild' ]
5 info lifecycle itsa-react-button@16.0.9~prebuild: itsa-react-button@16.0.9
6 silly lifecycle itsa-react-button@16.0.9~prebuild: no script for prebuild, continuing
7 info lifecycle itsa-react-button@16.0.9~build: itsa-react-button@16.0.9
8 verbose lifecycle itsa-react-button@16.0.9~build: unsafe-perm in lifecycle true
9 verbose lifecycle itsa-react-button@16.0.9~build: PATH: /Users/itsasbreuk/.nvm/versions/node/v5.10.1/lib/node_modules/npm/bin/node-gyp-bin:/Volumes/Data/Marco/Documenten Marco/GitHub/itsa-react-components/itsa-react-button/node_modules/.bin:/Users/itsasbreuk/.nvm/versions/node/v5.10.1/bin:/Users/itsasbreuk/.nvm/versions/node/v5.10.1/bin:/usr/local/rvm/gems/ruby-2.2.3/bin:/usr/local/rvm/gems/ruby-2.2.3@global/bin:/usr/local/rvm/rubies/ruby-2.2.3/bin:/usr/local/bin:/usr/bin:/bin:/usr/sbin:/sbin:/opt/X11/bin:/Applications/Server.app/Contents/ServerRoot/usr/bin:/Applications/Server.app/Contents/ServerRoot/usr/sbin:/usr/local/rvm/bin:/usr/local/bin:/usr/local/sbin
10 verbose lifecycle itsa-react-button@16.0.9~build: CWD: /Volumes/Data/Marco/Documenten Marco/GitHub/itsa-react-components/itsa-react-button
11 silly lifecycle itsa-react-button@16.0.9~build: Args: [ '-c', 'webpack && yuidoc ./lib -q -c ./yuidoc.json' ]
12 silly lifecycle itsa-react-button@16.0.9~build: Returned: code: 2  signal: null
13 info lifecycle itsa-react-button@16.0.9~build: Failed to exec build script
14 verbose stack Error: itsa-react-button@16.0.9 build: `webpack && yuidoc ./lib -q -c ./yuidoc.json`
14 verbose stack Exit status 2
14 verbose stack     at EventEmitter.<anonymous> (/Users/itsasbreuk/.nvm/versions/node/v5.10.1/lib/node_modules/npm/lib/utils/lifecycle.js:239:16)
14 verbose stack     at emitTwo (events.js:100:13)
14 verbose stack     at EventEmitter.emit (events.js:185:7)
14 verbose stack     at ChildProcess.<anonymous> (/Users/itsasbreuk/.nvm/versions/node/v5.10.1/lib/node_modules/npm/lib/utils/spawn.js:24:14)
14 verbose stack     at emitTwo (events.js:100:13)
14 verbose stack     at ChildProcess.emit (events.js:185:7)
14 verbose stack     at maybeClose (internal/child_process.js:850:16)
14 verbose stack     at Process.ChildProcess._handle.onexit (internal/child_process.js:215:5)
15 verbose pkgid itsa-react-button@16.0.9
16 verbose cwd /Volumes/Data/Marco/Documenten Marco/GitHub/itsa-react-components/itsa-react-button
17 error Darwin 17.6.0
18 error argv "/Users/itsasbreuk/.nvm/versions/node/v5.10.1/bin/node" "/Users/itsasbreuk/.nvm/versions/node/v5.10.1/bin/npm" "run" "build"
19 error node v5.10.1
20 error npm  v3.8.6
21 error code ELIFECYCLE
22 error itsa-react-button@16.0.9 build: `webpack && yuidoc ./lib -q -c ./yuidoc.json`
22 error Exit status 2
23 error Failed at the itsa-react-button@16.0.9 build script 'webpack && yuidoc ./lib -q -c ./yuidoc.json'.
23 error Make sure you have the latest version of node.js and npm installed.
23 error If you do, this is most likely a problem with the itsa-react-button package,
23 error not with npm itself.
23 error Tell the author that this fails on your system:
23 error     webpack && yuidoc ./lib -q -c ./yuidoc.json
23 error You can get information on how to open an issue for this project with:
23 error     npm bugs itsa-react-button
23 error Or if that isn't available, you can get their info via:
23 error     npm owner ls itsa-react-button
23 error There is likely additional logging output above.
24 verbose exit [ 1, true ]
